Build started 2016/1/18 14:30:58.
     1>Project "D:\workdir\c++source\zlib128\zlib-1.2.8\contrib\vstudio\vc11\zlibvc.vcxproj" on node 2 (Build target(s)).
     1>PreBuildEvent:
         cd ..\..\masmx64
         bld_ml64.bat
         :VCEnd
     1>MASM : warning A4018: invalid command-line option : /saleseh
          Assembling: inffasx64.asm
         Microsoft (R) Macro Assembler (x64) Version 12.00.31101.0
         Copyright (C) Microsoft Corporation.  All rights reserved.
         
     1>MASM : warning A4018: invalid command-line option : /saleseh
          Assembling: gvmat64.asm
         Microsoft (R) Macro Assembler (x64) Version 12.00.31101.0
         Copyright (C) Microsoft Corporation.  All rights reserved.
         
       Link:
         D:\Program Files (x86)\Microsoft Visual Studio 12.0\VC\bin\x86_amd64\link.exe /ERRORREPORT:PROMPT /OUT:"x64\ZlibDllRelease\zlibwapi.dll" /INCREMENTAL:NO /NOLOGO ..\..\masmx64\gvmat64.obj ..\..\masmx64\inffasx64.obj kernel32.lib user32.lib gdi32.lib winspool.lib comdlg32.lib advapi32.lib shell32.lib ole32.lib oleaut32.lib uuid.lib odbc32.lib odbccp32.lib /DEF:".\zlibvc.def" /MANIFEST:NO /PDB:"x64\ZlibDllRelease\zlibwapi.pdb" /MAP:"x64\ZlibDllRelease\zlibwapi.map" /SUBSYSTEM:WINDOWS /LTCG /TLBID:1 /DYNAMICBASE /NXCOMPAT /IMPLIB:"x64\ZlibDllRelease\zlibwapi.lib" /MACHINE:X64 /DLL x64\ZlibDllRelease\Tmp\zlib.res
         x64\ZlibDllRelease\Tmp\adler32.obj
         x64\ZlibDllRelease\Tmp\compress.obj
         x64\ZlibDllRelease\Tmp\crc32.obj
         x64\ZlibDllRelease\Tmp\deflate.obj
         x64\ZlibDllRelease\Tmp\gzclose.obj
         x64\ZlibDllRelease\Tmp\gzlib.obj
         x64\ZlibDllRelease\Tmp\gzread.obj
         x64\ZlibDllRelease\Tmp\gzwrite.obj
         x64\ZlibDllRelease\Tmp\infback.obj
         x64\ZlibDllRelease\Tmp\inffas8664.obj
         x64\ZlibDllRelease\Tmp\inffast.obj
         x64\ZlibDllRelease\Tmp\inflate.obj
         x64\ZlibDllRelease\Tmp\inftrees.obj
         x64\ZlibDllRelease\Tmp\ioapi.obj
         x64\ZlibDllRelease\Tmp\iowin32.obj
         x64\ZlibDllRelease\Tmp\trees.obj
         x64\ZlibDllRelease\Tmp\uncompr.obj
         x64\ZlibDllRelease\Tmp\unzip.obj
         x64\ZlibDllRelease\Tmp\zip.obj
         x64\ZlibDllRelease\Tmp\zutil.obj
            Creating library x64\ZlibDllRelease\zlibwapi.lib and object x64\ZlibDllRelease\zlibwapi.exp
         Generating code
         Finished generating code
         zlibvc.vcxproj -> D:\workdir\c++source\zlib128\zlib-1.2.8\contrib\vstudio\vc11\x64\ZlibDllRelease\zlibwapi.dll
     1>Done Building Project "D:\workdir\c++source\zlib128\zlib-1.2.8\contrib\vstudio\vc11\zlibvc.vcxproj" (Build target(s)).

Build succeeded.

Time Elapsed 00:00:07.34
