Build started 2016/1/18 14:30:58.
     1>Project "D:\workdir\c++source\zlib128\zlib-1.2.8\contrib\vstudio\vc11\zlibstat.vcxproj" on node 3 (Build target(s)).
     1>ClCompile:
         D:\Program Files (x86)\Microsoft Visual Studio 12.0\VC\bin\x86_amd64\CL.exe /c /I..\..\.. /I..\..\masmx86 /Zi /nologo /W3 /WX- /O2 /Ob1 /D ZLIB_WINAPI /D _CRT_NONSTDC_NO_DEPRECATE /D _CRT_SECURE_NO_DEPRECATE /D _CRT_NONSTDC_NO_WARNINGS /D ASMV /D ASMINF /D WIN64 /GF /Gm- /MD /GS- /Gy /fp:precise /Zc:wchar_t /Zc:forScope /Fo"x64\ZlibStatRelease\Tmp\\" /Fd"x64\ZlibStatRelease\vc120.pdb" /Gd /TC /errorReport:prompt ..\..\..\adler32.c ..\..\..\compress.c ..\..\..\crc32.c ..\..\..\deflate.c ..\..\..\gzclose.c ..\..\..\gzlib.c ..\..\..\gzread.c ..\..\..\gzwrite.c ..\..\..\infback.c ..\..\masmx64\inffas8664.c ..\..\..\inffast.c ..\..\..\inflate.c ..\..\..\inftrees.c ..\..\minizip\ioapi.c ..\..\..\trees.c ..\..\..\uncompr.c ..\..\minizip\unzip.c ..\..\minizip\zip.c ..\..\..\zutil.c
         adler32.c
         compress.c
         crc32.c
         deflate.c
         gzclose.c
         gzlib.c
         gzread.c
         gzwrite.c
         infback.c
         inffas8664.c
         inffast.c
         inflate.c
         inftrees.c
         ioapi.c
         trees.c
         uncompr.c
         unzip.c
         zip.c
         zutil.c
         Generating Code...
       ResourceCompile:
         C:\Program Files (x86)\Windows Kits\8.1\bin\x86\rc.exe /l"0x040c" /nologo /fo"x64\ZlibStatRelease\Tmp\zlib.res" zlib.rc 
       Lib:
         D:\Program Files (x86)\Microsoft Visual Studio 12.0\VC\bin\x86_amd64\Lib.exe /OUT:"x64\ZlibStatRelease\zlibstat.lib" ..\..\masmx64\gvmat64.obj ..\..\masmx64\inffasx64.obj /NOLOGO /MACHINE:X64 /MACHINE:AMD64 /NODEFAULTLIB x64\ZlibStatRelease\Tmp\zlib.res
         x64\ZlibStatRelease\Tmp\adler32.obj
         x64\ZlibStatRelease\Tmp\compress.obj
         x64\ZlibStatRelease\Tmp\crc32.obj
         x64\ZlibStatRelease\Tmp\deflate.obj
         x64\ZlibStatRelease\Tmp\gzclose.obj
         x64\ZlibStatRelease\Tmp\gzlib.obj
         x64\ZlibStatRelease\Tmp\gzread.obj
         x64\ZlibStatRelease\Tmp\gzwrite.obj
         x64\ZlibStatRelease\Tmp\infback.obj
         x64\ZlibStatRelease\Tmp\inffas8664.obj
         x64\ZlibStatRelease\Tmp\inffast.obj
         x64\ZlibStatRelease\Tmp\inflate.obj
         x64\ZlibStatRelease\Tmp\inftrees.obj
         x64\ZlibStatRelease\Tmp\ioapi.obj
         x64\ZlibStatRelease\Tmp\trees.obj
         x64\ZlibStatRelease\Tmp\uncompr.obj
         x64\ZlibStatRelease\Tmp\unzip.obj
         x64\ZlibStatRelease\Tmp\zip.obj
         x64\ZlibStatRelease\Tmp\zutil.obj
         zlibstat.vcxproj -> D:\workdir\c++source\zlib128\zlib-1.2.8\contrib\vstudio\vc11\x64\ZlibStatRelease\zlibstat.lib
     1>Done Building Project "D:\workdir\c++source\zlib128\zlib-1.2.8\contrib\vstudio\vc11\zlibstat.vcxproj" (Build target(s)).

Build succeeded.

Time Elapsed 00:00:12.44
